2023-05-18T17:21:11.624+03:00  INFO 3092 --- [main] c.s.m.MailAuthenticationApplicationTests : Starting MailAuthenticationApplicationTests using Java 19.0.1 with PID 3092 (started by msg_2 in C:\Users\msg_2\Desktop\java-i\mailAuthentication)
2023-05-18T17:21:11.626+03:00  INFO 3092 --- [main] c.s.m.MailAuthenticationApplicationTests : No active profile set, falling back to 1 default profile: "default"
2023-05-18T17:21:12.735+03:00  INFO 3092 --- [main] .s.d.r.c.RepositoryConfigurationDelegate : Bootstrapping Spring Data JPA repositories in DEFAULT mode.
2023-05-18T17:21:12.791+03:00  INFO 3092 --- [main] .s.d.r.c.RepositoryConfigurationDelegate : Finished Spring Data repository scanning in 47 ms. Found 1 JPA repository interfaces.
2023-05-18T17:21:13.322+03:00  INFO 3092 --- [main] o.hibernate.jpa.internal.util.LogHelper  : HHH000204: Processing PersistenceUnitInfo [name: default]
2023-05-18T17:21:13.389+03:00  INFO 3092 --- [main] org.hibernate.Version                    : HHH000412: Hibernate ORM core version 6.1.7.Final
2023-05-18T17:21:13.544+03:00  WARN 3092 --- [main] org.hibernate.orm.deprecation            : HHH90000021: Encountered deprecated setting [javax.persistence.validation.mode], use [jakarta.persistence.validation.mode] instead
2023-05-18T17:21:13.732+03:00  INFO 3092 --- [main] com.zaxxer.hikari.HikariDataSource       : HikariPool-1 - Starting...
2023-05-18T17:21:13.954+03:00  INFO 3092 --- [main] com.zaxxer.hikari.pool.HikariPool        : HikariPool-1 - Added connection org.postgresql.jdbc.PgConnection@98637a2
2023-05-18T17:21:13.955+03:00  INFO 3092 --- [main] com.zaxxer.hikari.HikariDataSource       : HikariPool-1 - Start completed.
2023-05-18T17:21:13.989+03:00  INFO 3092 --- [main] SQL dialect                              : HHH000400: Using dialect: org.hibernate.dialect.PostgreSQLDialect
2023-05-18T17:21:14.770+03:00  INFO 3092 --- [main] o.h.e.t.j.p.i.JtaPlatformInitiator       : HHH000490: Using JtaPlatform implementation: [org.hibernate.engine.transaction.jta.platform.internal.NoJtaPlatform]
2023-05-18T17:21:14.778+03:00  INFO 3092 --- [main] j.LocalContainerEntityManagerFactoryBean : Initialized JPA EntityManagerFactory for persistence unit 'default'
2023-05-18T17:21:15.208+03:00  WARN 3092 --- [main] JpaBaseConfiguration$JpaWebConfiguration : spring.jpa.open-in-view is enabled by default. Therefore, database queries may be performed during view rendering. Explicitly configure spring.jpa.open-in-view to disable this warning
2023-05-18T17:21:15.668+03:00  INFO 3092 --- [main] o.s.s.web.DefaultSecurityFilterChain     : Will secure any request with [org.springframework.security.web.session.DisableEncodeUrlFilter@79f3f34c, org.springframework.security.web.context.request.async.WebAsyncManagerIntegrationFilter@50841932, org.springframework.security.web.context.SecurityContextHolderFilter@24bba1b7, org.springframework.security.web.header.HeaderWriterFilter@50aa9a91, org.springframework.security.web.authentication.logout.LogoutFilter@3da30ce5, org.springframework.security.web.authentication.www.BasicAuthenticationFilter@54ddd7e4, org.springframework.security.web.savedrequest.RequestCacheAwareFilter@36e358de, org.springframework.security.web.servletapi.SecurityContextHolderAwareRequestFilter@5089a72b, org.springframework.security.web.authentication.AnonymousAuthenticationFilter@68fa8ea5, org.springframework.security.web.access.ExceptionTranslationFilter@4b45c8e4, org.springframework.security.web.access.intercept.AuthorizationFilter@26c1f3eb]
2023-05-18T17:21:16.090+03:00  INFO 3092 --- [main] c.s.m.MailAuthenticationApplicationTests : Started MailAuthenticationApplicationTests in 4.873 seconds (process running for 6.022)
2023-05-18T17:21:16.300+03:00  INFO 3092 --- [SpringApplicationShutdownHook] j.LocalContainerEntityManagerFactoryBean : Closing JPA EntityManagerFactory for persistence unit 'default'
2023-05-18T17:21:16.301+03:00  INFO 3092 --- [SpringApplicationShutdownHook] com.zaxxer.hikari.HikariDataSource       : HikariPool-1 - Shutdown initiated...
2023-05-18T17:21:16.304+03:00  INFO 3092 --- [SpringApplicationShutdownHook] com.zaxxer.hikari.HikariDataSource       : HikariPool-1 - Shutdown completed.
2023-05-18T17:22:56.119+03:00  INFO 16220 --- [main] c.s.m.MailAuthenticationApplicationTests : Starting MailAuthenticationApplicationTests using Java 19.0.1 with PID 16220 (started by msg_2 in C:\Users\msg_2\Desktop\java-i\mailAuthentication)
2023-05-18T17:22:56.121+03:00  INFO 16220 --- [main] c.s.m.MailAuthenticationApplicationTests : No active profile set, falling back to 1 default profile: "default"
2023-05-18T17:22:57.107+03:00  INFO 16220 --- [main] .s.d.r.c.RepositoryConfigurationDelegate : Bootstrapping Spring Data JPA repositories in DEFAULT mode.
2023-05-18T17:22:57.156+03:00  INFO 16220 --- [main] .s.d.r.c.RepositoryConfigurationDelegate : Finished Spring Data repository scanning in 41 ms. Found 1 JPA repository interfaces.
2023-05-18T17:22:57.645+03:00  INFO 16220 --- [main] o.hibernate.jpa.internal.util.LogHelper  : HHH000204: Processing PersistenceUnitInfo [name: default]
2023-05-18T17:22:57.703+03:00  INFO 16220 --- [main] org.hibernate.Version                    : HHH000412: Hibernate ORM core version 6.1.7.Final
2023-05-18T17:22:57.827+03:00  WARN 16220 --- [main] org.hibernate.orm.deprecation            : HHH90000021: Encountered deprecated setting [javax.persistence.validation.mode], use [jakarta.persistence.validation.mode] instead
2023-05-18T17:22:57.999+03:00  INFO 16220 --- [main] com.zaxxer.hikari.HikariDataSource       : HikariPool-1 - Starting...
2023-05-18T17:22:58.227+03:00  INFO 16220 --- [main] com.zaxxer.hikari.pool.HikariPool        : HikariPool-1 - Added connection org.postgresql.jdbc.PgConnection@1570cad0
2023-05-18T17:22:58.229+03:00  INFO 16220 --- [main] com.zaxxer.hikari.HikariDataSource       : HikariPool-1 - Start completed.
2023-05-18T17:22:58.254+03:00  INFO 16220 --- [main] SQL dialect                              : HHH000400: Using dialect: org.hibernate.dialect.PostgreSQLDialect
2023-05-18T17:22:58.963+03:00  INFO 16220 --- [main] o.h.e.t.j.p.i.JtaPlatformInitiator       : HHH000490: Using JtaPlatform implementation: [org.hibernate.engine.transaction.jta.platform.internal.NoJtaPlatform]
2023-05-18T17:22:58.971+03:00  INFO 16220 --- [main] j.LocalContainerEntityManagerFactoryBean : Initialized JPA EntityManagerFactory for persistence unit 'default'
2023-05-18T17:22:59.374+03:00  WARN 16220 --- [main] JpaBaseConfiguration$JpaWebConfiguration : spring.jpa.open-in-view is enabled by default. Therefore, database queries may be performed during view rendering. Explicitly configure spring.jpa.open-in-view to disable this warning
2023-05-18T17:22:59.837+03:00  INFO 16220 --- [main] o.s.s.web.DefaultSecurityFilterChain     : Will secure any request with [org.springframework.security.web.session.DisableEncodeUrlFilter@3c65f2e1, org.springframework.security.web.context.request.async.WebAsyncManagerIntegrationFilter@c247b02, org.springframework.security.web.context.SecurityContextHolderFilter@4004bfba, org.springframework.security.web.header.HeaderWriterFilter@317fa5dd, org.springframework.security.web.authentication.logout.LogoutFilter@1299c874, org.springframework.security.web.authentication.www.BasicAuthenticationFilter@109188b4, org.springframework.security.web.savedrequest.RequestCacheAwareFilter@3599b18, org.springframework.security.web.servletapi.SecurityContextHolderAwareRequestFilter@7f6a6d46, org.springframework.security.web.authentication.AnonymousAuthenticationFilter@78f1d29, org.springframework.security.web.access.ExceptionTranslationFilter@b272860, org.springframework.security.web.access.intercept.AuthorizationFilter@7f09ff10]
2023-05-18T17:23:00.220+03:00  INFO 16220 --- [main] c.s.m.MailAuthenticationApplicationTests : Started MailAuthenticationApplicationTests in 4.516 seconds (process running for 5.502)
2023-05-18T17:23:00.424+03:00  INFO 16220 --- [SpringApplicationShutdownHook] j.LocalContainerEntityManagerFactoryBean : Closing JPA EntityManagerFactory for persistence unit 'default'
2023-05-18T17:23:00.426+03:00  INFO 16220 --- [SpringApplicationShutdownHook] com.zaxxer.hikari.HikariDataSource       : HikariPool-1 - Shutdown initiated...
2023-05-18T17:23:00.429+03:00  INFO 16220 --- [SpringApplicationShutdownHook] com.zaxxer.hikari.HikariDataSource       : HikariPool-1 - Shutdown completed.
2023-05-18T17:23:25.333+03:00  INFO 8444 --- [main] c.s.m.MailAuthenticationApplicationTests : Starting MailAuthenticationApplicationTests using Java 19.0.1 with PID 8444 (started by msg_2 in C:\Users\msg_2\Desktop\java-i\mailAuthentication)
2023-05-18T17:23:25.335+03:00  INFO 8444 --- [main] c.s.m.MailAuthenticationApplicationTests : No active profile set, falling back to 1 default profile: "default"
2023-05-18T17:23:26.286+03:00  INFO 8444 --- [main] .s.d.r.c.RepositoryConfigurationDelegate : Bootstrapping Spring Data JPA repositories in DEFAULT mode.
2023-05-18T17:23:26.346+03:00  INFO 8444 --- [main] .s.d.r.c.RepositoryConfigurationDelegate : Finished Spring Data repository scanning in 52 ms. Found 1 JPA repository interfaces.
2023-05-18T17:23:26.886+03:00  INFO 8444 --- [main] o.hibernate.jpa.internal.util.LogHelper  : HHH000204: Processing PersistenceUnitInfo [name: default]
2023-05-18T17:23:26.947+03:00  INFO 8444 --- [main] org.hibernate.Version                    : HHH000412: Hibernate ORM core version 6.1.7.Final
2023-05-18T17:23:27.079+03:00  WARN 8444 --- [main] org.hibernate.orm.deprecation            : HHH90000021: Encountered deprecated setting [javax.persistence.validation.mode], use [jakarta.persistence.validation.mode] instead
2023-05-18T17:23:27.264+03:00  INFO 8444 --- [main] com.zaxxer.hikari.HikariDataSource       : HikariPool-1 - Starting...
2023-05-18T17:23:27.466+03:00  INFO 8444 --- [main] com.zaxxer.hikari.pool.HikariPool        : HikariPool-1 - Added connection org.postgresql.jdbc.PgConnection@39c7fb0b
2023-05-18T17:23:27.469+03:00  INFO 8444 --- [main] com.zaxxer.hikari.HikariDataSource       : HikariPool-1 - Start completed.
2023-05-18T17:23:27.500+03:00  INFO 8444 --- [main] SQL dialect                              : HHH000400: Using dialect: org.hibernate.dialect.PostgreSQLDialect
2023-05-18T17:23:28.333+03:00  INFO 8444 --- [main] o.h.e.t.j.p.i.JtaPlatformInitiator       : HHH000490: Using JtaPlatform implementation: [org.hibernate.engine.transaction.jta.platform.internal.NoJtaPlatform]
2023-05-18T17:23:28.340+03:00  INFO 8444 --- [main] j.LocalContainerEntityManagerFactoryBean : Initialized JPA EntityManagerFactory for persistence unit 'default'
2023-05-18T17:23:28.755+03:00  WARN 8444 --- [main] JpaBaseConfiguration$JpaWebConfiguration : spring.jpa.open-in-view is enabled by default. Therefore, database queries may be performed during view rendering. Explicitly configure spring.jpa.open-in-view to disable this warning
2023-05-18T17:23:29.251+03:00  INFO 8444 --- [main] o.s.s.web.DefaultSecurityFilterChain     : Will secure any request with [org.springframework.security.web.session.DisableEncodeUrlFilter@3bf52f8f, org.springframework.security.web.context.request.async.WebAsyncManagerIntegrationFilter@57d7c511, org.springframework.security.web.context.SecurityContextHolderFilter@32ae11c9, org.springframework.security.web.header.HeaderWriterFilter@1977b0df, org.springframework.security.web.authentication.logout.LogoutFilter@79982bcc, org.springframework.security.web.authentication.www.BasicAuthenticationFilter@42457891, org.springframework.security.web.savedrequest.RequestCacheAwareFilter@14980819, org.springframework.security.web.servletapi.SecurityContextHolderAwareRequestFilter@3606eee9, org.springframework.security.web.authentication.AnonymousAuthenticationFilter@811d8d6, org.springframework.security.web.access.ExceptionTranslationFilter@7c0035dd, org.springframework.security.web.access.intercept.AuthorizationFilter@4d142b53]
2023-05-18T17:23:29.698+03:00  INFO 8444 --- [main] c.s.m.MailAuthenticationApplicationTests : Started MailAuthenticationApplicationTests in 4.772 seconds (process running for 5.792)
2023-05-18T17:23:29.892+03:00  INFO 8444 --- [SpringApplicationShutdownHook] j.LocalContainerEntityManagerFactoryBean : Closing JPA EntityManagerFactory for persistence unit 'default'
2023-05-18T17:23:29.894+03:00  INFO 8444 --- [SpringApplicationShutdownHook] com.zaxxer.hikari.HikariDataSource       : HikariPool-1 - Shutdown initiated...
2023-05-18T17:23:29.897+03:00  INFO 8444 --- [SpringApplicationShutdownHook] com.zaxxer.hikari.HikariDataSource       : HikariPool-1 - Shutdown completed.
2023-05-18T21:23:38.340+03:00  INFO 19104 --- [main] c.s.m.MailAuthenticationApplicationTests : Starting MailAuthenticationApplicationTests using Java 19.0.1 with PID 19104 (started by msg_2 in C:\Users\msg_2\Desktop\java-i\mailAuthentication)
2023-05-18T21:23:38.341+03:00  INFO 19104 --- [main] c.s.m.MailAuthenticationApplicationTests : No active profile set, falling back to 1 default profile: "default"
2023-05-18T21:23:39.384+03:00  INFO 19104 --- [main] .s.d.r.c.RepositoryConfigurationDelegate : Bootstrapping Spring Data JPA repositories in DEFAULT mode.
2023-05-18T21:23:39.435+03:00  INFO 19104 --- [main] .s.d.r.c.RepositoryConfigurationDelegate : Finished Spring Data repository scanning in 43 ms. Found 1 JPA repository interfaces.
2023-05-18T21:23:39.928+03:00  INFO 19104 --- [main] o.hibernate.jpa.internal.util.LogHelper  : HHH000204: Processing PersistenceUnitInfo [name: default]
2023-05-18T21:23:39.987+03:00  INFO 19104 --- [main] org.hibernate.Version                    : HHH000412: Hibernate ORM core version 6.1.7.Final
2023-05-18T21:23:40.121+03:00  WARN 19104 --- [main] org.hibernate.orm.deprecation            : HHH90000021: Encountered deprecated setting [javax.persistence.validation.mode], use [jakarta.persistence.validation.mode] instead
2023-05-18T21:23:40.327+03:00  INFO 19104 --- [main] com.zaxxer.hikari.HikariDataSource       : HikariPool-1 - Starting...
2023-05-18T21:23:40.531+03:00  INFO 19104 --- [main] com.zaxxer.hikari.pool.HikariPool        : HikariPool-1 - Added connection org.postgresql.jdbc.PgConnection@adafe19
2023-05-18T21:23:40.533+03:00  INFO 19104 --- [main] com.zaxxer.hikari.HikariDataSource       : HikariPool-1 - Start completed.
2023-05-18T21:23:40.561+03:00  INFO 19104 --- [main] SQL dialect                              : HHH000400: Using dialect: org.hibernate.dialect.PostgreSQLDialect
2023-05-18T21:23:41.318+03:00  INFO 19104 --- [main] o.h.e.t.j.p.i.JtaPlatformInitiator       : HHH000490: Using JtaPlatform implementation: [org.hibernate.engine.transaction.jta.platform.internal.NoJtaPlatform]
2023-05-18T21:23:41.327+03:00  INFO 19104 --- [main] j.LocalContainerEntityManagerFactoryBean : Initialized JPA EntityManagerFactory for persistence unit 'default'
2023-05-18T21:23:41.772+03:00  WARN 19104 --- [main] JpaBaseConfiguration$JpaWebConfiguration : spring.jpa.open-in-view is enabled by default. Therefore, database queries may be performed during view rendering. Explicitly configure spring.jpa.open-in-view to disable this warning
2023-05-18T21:23:42.273+03:00  INFO 19104 --- [main] o.s.s.web.DefaultSecurityFilterChain     : Will secure any request with [org.springframework.security.web.session.DisableEncodeUrlFilter@1e5e2e06, org.springframework.security.web.context.request.async.WebAsyncManagerIntegrationFilter@26c1f3eb, org.springframework.security.web.context.SecurityContextHolderFilter@3b9a2629, org.springframework.security.web.header.HeaderWriterFilter@1a1e38ab, org.springframework.security.web.authentication.logout.LogoutFilter@52fed5b7, org.springframework.security.web.authentication.www.BasicAuthenticationFilter@6dd1f239, org.springframework.security.web.savedrequest.RequestCacheAwareFilter@663e1144, org.springframework.security.web.servletapi.SecurityContextHolderAwareRequestFilter@36e358de, org.springframework.security.web.authentication.AnonymousAuthenticationFilter@79982bcc, org.springframework.security.web.access.ExceptionTranslationFilter@51b11186, org.springframework.security.web.access.intercept.AuthorizationFilter@74a991cf]
2023-05-18T21:23:42.699+03:00  INFO 19104 --- [main] c.s.m.MailAuthenticationApplicationTests : Started MailAuthenticationApplicationTests in 4.793 seconds (process running for 5.94)
2023-05-18T21:23:42.902+03:00  INFO 19104 --- [SpringApplicationShutdownHook] j.LocalContainerEntityManagerFactoryBean : Closing JPA EntityManagerFactory for persistence unit 'default'
2023-05-18T21:23:42.904+03:00  INFO 19104 --- [SpringApplicationShutdownHook] com.zaxxer.hikari.HikariDataSource       : HikariPool-1 - Shutdown initiated...
2023-05-18T21:23:42.909+03:00  INFO 19104 --- [SpringApplicationShutdownHook] com.zaxxer.hikari.HikariDataSource       : HikariPool-1 - Shutdown completed.
